# JRE version: Java(TM) SE Runtime Environment (8.0_05-b13) (build 1.8.0_05-b13)
# Java VM: Java HotSpot(TM) 64-Bit Server VM (25.5-b02 mixed mode linux-amd64 compressed oops)
Heap:
 PSYoungGen      total 23040K, used 20170K [0x00000000d6a00000, 0x00000000d8500000, 0x0000000100000000)
  eden space 19968K, 89% used [0x00000000d6a00000,0x00000000d7b62ed0,0x00000000d7d80000)
  from space 3072K, 77% used [0x00000000d8100000,0x00000000d834fa88,0x00000000d8400000)
  to   space 3584K, 0% used [0x00000000d7d80000,0x00000000d7d80000,0x00000000d8100000)
 ParOldGen       total 127488K, used 5694K [0x0000000083e00000, 0x000000008ba80000, 0x00000000d6a00000)
  object space 127488K, 4% used [0x0000000083e00000,0x000000008438fae0,0x000000008ba80000)
 Metaspace       used 18113K, capacity 18218K, committed 18432K, reserved 1064960K
  class space    used 2272K, capacity 2301K, committed 2304K, reserved 1048576K
GC Heap History (10 events):
Event: 0,193 GC heap before
{Heap before GC invocations=8 (full 0):
 PSYoungGen      total 5120K, used 4404K [0x00000000d6a00000, 0x00000000d7400000, 0x0000000100000000)
  eden space 4096K, 100% used [0x00000000d6a00000,0x00000000d6e00000,0x00000000d6e00000)
  from space 1024K, 30% used [0x00000000d6e00000,0x00000000d6e4d018,0x00000000d6f00000)
  to   space 1024K, 0% used [0x00000000d7300000,0x00000000d7300000,0x00000000d7400000)
 ParOldGen       total 127488K, used 679K [0x0000000083e00000, 0x000000008ba80000, 0x00000000d6a00000)
  object space 127488K, 0% used [0x0000000083e00000,0x0000000083ea9fe8,0x000000008ba80000)
 Metaspace       used 2809K, capacity 4490K, committed 4864K, reserved 1056768K
  class space    used 302K, capacity 386K, committed 512K, reserved 1048576K
Event: 0,194 GC heap after
Heap after GC invocations=8 (full 0):
 PSYoungGen      total 9216K, used 214K [0x00000000d6a00000, 0x00000000d7400000, 0x0000000100000000)
  eden space 8192K, 0% used [0x00000000d6a00000,0x00000000d6a00000,0x00000000d7200000)
  from space 1024K, 20% used [0x00000000d7300000,0x00000000d7335a18,0x00000000d7400000)
  to   space 1024K, 0% used [0x00000000d7200000,0x00000000d7200000,0x00000000d7300000)
 ParOldGen       total 127488K, used 775K [0x0000000083e00000, 0x000000008ba80000, 0x00000000d6a00000)
  object space 127488K, 0% used [0x0000000083e00000,0x0000000083ec1db0,0x000000008ba80000)
 Metaspace       used 2809K, capacity 4490K, committed 4864K, reserved 1056768K
  class space    used 302K, capacity 386K, committed 512K, reserved 1048576K
}
Event: 0,343 GC heap before
{Heap before GC invocations=9 (full 0):
 PSYoungGen      total 9216K, used 8399K [0x00000000d6a00000, 0x00000000d7400000, 0x0000000100000000)
  eden space 8192K, 99% used [0x00000000d6a00000,0x00000000d71fe2c0,0x00000000d7200000)
  from space 1024K, 20% used [0x00000000d7300000,0x00000000d7335a18,0x00000000d7400000)
  to   space 1024K, 0% used [0x00000000d7200000,0x00000000d7200000,0x00000000d7300000)
 ParOldGen       total 127488K, used 775K [0x0000000083e00000, 0x000000008ba80000, 0x00000000d6a00000)
  object space 127488K, 0% used [0x0000000083e00000,0x0000000083ec1db0,0x000000008ba80000)
 Metaspace       used 5724K, capacity 6184K, committed 6400K, reserved 1056768K
  class space    used 679K, capacity 724K, committed 768K, reserved 1048576K
Event: 0,345 GC heap after
Heap after GC invocations=9 (full 0):
 PSYoungGen      total 9216K, used 998K [0x00000000d6a00000, 0x00000000d7a00000, 0x0000000100000000)
  eden space 8192K, 0% used [0x00000000d6a00000,0x00000000d6a00000,0x00000000d7200000)
  from space 1024K, 97% used [0x00000000d7200000,0x00000000d72f9ae8,0x00000000d7300000)
  to   space 1536K, 0% used [0x00000000d7880000,0x00000000d7880000,0x00000000d7a00000)
 ParOldGen       total 127488K, used 1757K [0x0000000083e00000, 0x000000008ba80000, 0x00000000d6a00000)
  object space 127488K, 1% used [0x0000000083e00000,0x0000000083fb7428,0x000000008ba80000)
 Metaspace       used 5724K, capacity 6184K, committed 6400K, reserved 1056768K
  class space    used 679K, capacity 724K, committed 768K, reserved 1048576K
}
Event: 0,494 GC heap before
{Heap before GC invocations=10 (full 0):
 PSYoungGen      total 9216K, used 9190K [0x00000000d6a00000, 0x00000000d7a00000, 0x0000000100000000)
  eden space 8192K, 100% used [0x00000000d6a00000,0x00000000d7200000,0x00000000d7200000)
  from space 1024K, 97% used [0x00000000d7200000,0x00000000d72f9ae8,0x00000000d7300000)
  to   space 1536K, 0% used [0x00000000d7880000,0x00000000d7880000,0x00000000d7a00000)
 ParOldGen       total 127488K, used 1757K [0x0000000083e00000, 0x000000008ba80000, 0x00000000d6a00000)
  object space 127488K, 1% used [0x0000000083e00000,0x0000000083fb7428,0x000000008ba80000)
 Metaspace       used 8445K, capacity 8562K, committed 8832K, reserved 1056768K
  class space    used 1067K, capacity 1109K, committed 1152K, reserved 1048576K
Event: 0,497 GC heap after
Heap after GC invocations=10 (full 0):
 PSYoungGen      total 14336K, used 1535K [0x00000000d6a00000, 0x00000000d7b00000, 0x0000000100000000)
  eden space 12800K, 0% used [0x00000000d6a00000,0x00000000d6a00000,0x00000000d7680000)
  from space 1536K, 99% used [0x00000000d7880000,0x00000000d79ffcd8,0x00000000d7a00000)
  to   space 2048K, 0% used [0x00000000d7680000,0x00000000d7680000,0x00000000d7880000)
 ParOldGen       total 127488K, used 2530K [0x0000000083e00000, 0x000000008ba80000, 0x00000000d6a00000)
  object space 127488K, 1% used [0x0000000083e00000,0x0000000084078850,0x000000008ba80000)
 Metaspace       used 8445K, capacity 8562K, committed 8832K, reserved 1056768K
  class space    used 1067K, capacity 1109K, committed 1152K, reserved 1048576K
}
Event: 0,814 GC heap before
{Heap before GC invocations=11 (full 0):
 PSYoungGen      total 14336K, used 14335K [0x00000000d6a00000, 0x00000000d7b00000, 0x0000000100000000)
  eden space 12800K, 100% used [0x00000000d6a00000,0x00000000d7680000,0x00000000d7680000)
  from space 1536K, 99% used [0x00000000d7880000,0x00000000d79ffcd8,0x00000000d7a00000)
  to   space 2048K, 0% used [0x00000000d7680000,0x00000000d7680000,0x00000000d7880000)
 ParOldGen       total 127488K, used 2530K [0x0000000083e00000, 0x000000008ba80000, 0x00000000d6a00000)
  object space 127488K, 1% used [0x0000000083e00000,0x0000000084078850,0x000000008ba80000)
 Metaspace       used 12502K, capacity 12626K, committed 12928K, reserved 1060864K
  class space    used 1544K, capacity 1589K, committed 1664K, reserved 1048576K
Event: 0,817 GC heap after
Heap after GC invocations=11 (full 0):
 PSYoungGen      total 14848K, used 2043K [0x00000000d6a00000, 0x00000000d8400000, 0x0000000100000000)
  eden space 12800K, 0% used [0x00000000d6a00000,0x00000000d6a00000,0x00000000d7680000)
  from space 2048K, 99% used [0x00000000d7680000,0x00000000d787ef48,0x00000000d7880000)
  to   space 3072K, 0% used [0x00000000d8100000,0x00000000d8100000,0x00000000d8400000)
 ParOldGen       total 127488K, used 4402K [0x0000000083e00000, 0x000000008ba80000, 0x00000000d6a00000)
  object space 127488K, 3% used [0x0000000083e00000,0x000000008424ca60,0x000000008ba80000)
 Metaspace       used 12502K, capacity 12626K, committed 12928K, reserved 1060864K
  class space    used 1544K, capacity 1589K, committed 1664K, reserved 1048576K
}
Event: 1,002 GC heap before
{Heap before GC invocations=12 (full 0):
 PSYoungGen      total 14848K, used 14843K [0x00000000d6a00000, 0x00000000d8400000, 0x0000000100000000)
  eden space 12800K, 100% used [0x00000000d6a00000,0x00000000d7680000,0x00000000d7680000)
  from space 2048K, 99% used [0x00000000d7680000,0x00000000d787ef48,0x00000000d7880000)
  to   space 3072K, 0% used [0x00000000d8100000,0x00000000d8100000,0x00000000d8400000)
 ParOldGen       total 127488K, used 4402K [0x0000000083e00000, 0x000000008ba80000, 0x00000000d6a00000)
  object space 127488K, 3% used [0x0000000083e00000,0x000000008424ca60,0x000000008ba80000)
 Metaspace       used 14707K, capacity 14904K, committed 14976K, reserved 1062912K
  class space    used 1848K, capacity 1878K, committed 1920K, reserved 1048576K
Event: 1,013 GC heap after
Heap after GC invocations=12 (full 0):
 PSYoungGen      total 23040K, used 2366K [0x00000000d6a00000, 0x00000000d8500000, 0x0000000100000000)
  eden space 19968K, 0% used [0x00000000d6a00000,0x00000000d6a00000,0x00000000d7d80000)
  from space 3072K, 77% used [0x00000000d8100000,0x00000000d834fa88,0x00000000d8400000)
  to   space 3584K, 0% used [0x00000000d7d80000,0x00000000d7d80000,0x00000000d8100000)
 ParOldGen       total 127488K, used 5694K [0x0000000083e00000, 0x000000008ba80000, 0x00000000d6a00000)
  object space 127488K, 4% used [0x0000000083e00000,0x000000008438fae0,0x000000008ba80000)
 Metaspace       used 14707K, capacity 14904K, committed 14976K, reserved 1062912K
  class space    used 1848K, capacity 1878K, committed 1920K, reserved 1048576K
}

