# JRE version: Java(TM) SE Runtime Environment (8.0_05-b13) (build 1.8.0_05-b13)
# Java VM: Java HotSpot(TM) 64-Bit Server VM (25.5-b02 mixed mode linux-amd64 compressed oops)
Heap:
 PSYoungGen      total 19968K, used 11784K [0x00000000d6a00000, 0x00000000d8c80000, 0x0000000100000000)
  eden space 17408K, 53% used [0x00000000d6a00000,0x00000000d7308a38,0x00000000d7b00000)
  from space 2560K, 98% used [0x00000000d7b00000,0x00000000d7d795e8,0x00000000d7d80000)
  to   space 3584K, 0% used [0x00000000d8900000,0x00000000d8900000,0x00000000d8c80000)
 ParOldGen       total 127488K, used 5747K [0x0000000083e00000, 0x000000008ba80000, 0x00000000d6a00000)
  object space 127488K, 4% used [0x0000000083e00000,0x000000008439ce20,0x000000008ba80000)
 Metaspace       used 18831K, capacity 18958K, committed 19072K, reserved 1067008K
  class space    used 2348K, capacity 2397K, committed 2432K, reserved 1048576K
GC Heap History (10 events):
Event: 0,310 GC heap before
{Heap before GC invocations=11 (full 0):
 PSYoungGen      total 7680K, used 7127K [0x00000000d6a00000, 0x00000000d7280000, 0x0000000100000000)
  eden space 6656K, 100% used [0x00000000d6a00000,0x00000000d7080000,0x00000000d7080000)
  from space 1024K, 46% used [0x00000000d7180000,0x00000000d71f5f90,0x00000000d7280000)
  to   space 1024K, 0% used [0x00000000d7080000,0x00000000d7080000,0x00000000d7180000)
 ParOldGen       total 127488K, used 739K [0x0000000083e00000, 0x000000008ba80000, 0x00000000d6a00000)
  object space 127488K, 0% used [0x0000000083e00000,0x0000000083eb8da0,0x000000008ba80000)
 Metaspace       used 5623K, capacity 6088K, committed 6400K, reserved 1056768K
  class space    used 668K, capacity 692K, committed 768K, reserved 1048576K
Event: 0,313 GC heap after
Heap after GC invocations=11 (full 0):
 PSYoungGen      total 7680K, used 998K [0x00000000d6a00000, 0x00000000d7780000, 0x0000000100000000)
  eden space 6656K, 0% used [0x00000000d6a00000,0x00000000d6a00000,0x00000000d7080000)
  from space 1024K, 97% used [0x00000000d7080000,0x00000000d71799b8,0x00000000d7180000)
  to   space 1536K, 0% used [0x00000000d7600000,0x00000000d7600000,0x00000000d7780000)
 ParOldGen       total 127488K, used 1398K [0x0000000083e00000, 0x000000008ba80000, 0x00000000d6a00000)
  object space 127488K, 1% used [0x0000000083e00000,0x0000000083f5d8a8,0x000000008ba80000)
 Metaspace       used 5623K, capacity 6088K, committed 6400K, reserved 1056768K
  class space    used 668K, capacity 692K, committed 768K, reserved 1048576K
}
Event: 0,425 GC heap before
{Heap before GC invocations=12 (full 0):
 PSYoungGen      total 7680K, used 7652K [0x00000000d6a00000, 0x00000000d7780000, 0x0000000100000000)
  eden space 6656K, 99% used [0x00000000d6a00000,0x00000000d707f950,0x00000000d7080000)
  from space 1024K, 97% used [0x00000000d7080000,0x00000000d71799b8,0x00000000d7180000)
  to   space 1536K, 0% used [0x00000000d7600000,0x00000000d7600000,0x00000000d7780000)
 ParOldGen       total 127488K, used 1398K [0x0000000083e00000, 0x000000008ba80000, 0x00000000d6a00000)
  object space 127488K, 1% used [0x0000000083e00000,0x0000000083f5d8a8,0x000000008ba80000)
 Metaspace       used 8038K, capacity 8214K, committed 8448K, reserved 1056768K
  class space    used 978K, capacity 1013K, committed 1024K, reserved 1048576K
Event: 0,427 GC heap after
Heap after GC invocations=12 (full 0):
 PSYoungGen      total 12288K, used 1372K [0x00000000d6a00000, 0x00000000d7780000, 0x0000000100000000)
  eden space 10752K, 0% used [0x00000000d6a00000,0x00000000d6a00000,0x00000000d7480000)
  from space 1536K, 89% used [0x00000000d7600000,0x00000000d77570e8,0x00000000d7780000)
  to   space 1536K, 0% used [0x00000000d7480000,0x00000000d7480000,0x00000000d7600000)
 ParOldGen       total 127488K, used 1902K [0x0000000083e00000, 0x000000008ba80000, 0x00000000d6a00000)
  object space 127488K, 1% used [0x0000000083e00000,0x0000000083fdb8c8,0x000000008ba80000)
 Metaspace       used 8038K, capacity 8214K, committed 8448K, reserved 1056768K
  class space    used 978K, capacity 1013K, committed 1024K, reserved 1048576K
}
Event: 0,709 GC heap before
{Heap before GC invocations=13 (full 0):
 PSYoungGen      total 12288K, used 12124K [0x00000000d6a00000, 0x00000000d7780000, 0x0000000100000000)
  eden space 10752K, 100% used [0x00000000d6a00000,0x00000000d7480000,0x00000000d7480000)
  from space 1536K, 89% used [0x00000000d7600000,0x00000000d77570e8,0x00000000d7780000)
  to   space 1536K, 0% used [0x00000000d7480000,0x00000000d7480000,0x00000000d7600000)
 ParOldGen       total 127488K, used 1902K [0x0000000083e00000, 0x000000008ba80000, 0x00000000d6a00000)
  object space 127488K, 1% used [0x0000000083e00000,0x0000000083fdb8c8,0x000000008ba80000)
 Metaspace       used 11558K, capacity 11734K, committed 12032K, reserved 1060864K
  class space    used 1409K, capacity 1461K, committed 1536K, reserved 1048576K
Event: 0,713 GC heap after
Heap after GC invocations=13 (full 0):
 PSYoungGen      total 12288K, used 1520K [0x00000000d6a00000, 0x00000000d8000000, 0x0000000100000000)
  eden space 10752K, 0% used [0x00000000d6a00000,0x00000000d6a00000,0x00000000d7480000)
  from space 1536K, 98% used [0x00000000d7480000,0x00000000d75fc040,0x00000000d7600000)
  to   space 2560K, 0% used [0x00000000d7d80000,0x00000000d7d80000,0x00000000d8000000)
 ParOldGen       total 127488K, used 3503K [0x0000000083e00000, 0x000000008ba80000, 0x00000000d6a00000)
  object space 127488K, 2% used [0x0000000083e00000,0x000000008416bca0,0x000000008ba80000)
 Metaspace       used 11558K, capacity 11734K, committed 12032K, reserved 1060864K
  class space    used 1409K, capacity 1461K, committed 1536K, reserved 1048576K
}
Event: 0,871 GC heap before
{Heap before GC invocations=14 (full 0):
 PSYoungGen      total 12288K, used 12272K [0x00000000d6a00000, 0x00000000d8000000, 0x0000000100000000)
  eden space 10752K, 100% used [0x00000000d6a00000,0x00000000d7480000,0x00000000d7480000)
  from space 1536K, 98% used [0x00000000d7480000,0x00000000d75fc040,0x00000000d7600000)
  to   space 2560K, 0% used [0x00000000d7d80000,0x00000000d7d80000,0x00000000d8000000)
 ParOldGen       total 127488K, used 3503K [0x0000000083e00000, 0x000000008ba80000, 0x00000000d6a00000)
  object space 127488K, 2% used [0x0000000083e00000,0x000000008416bca0,0x000000008ba80000)
 Metaspace       used 13653K, capacity 13756K, committed 13824K, reserved 1060864K
  class space    used 1720K, capacity 1750K, committed 1792K, reserved 1048576K
Event: 0,876 GC heap after
Heap after GC invocations=14 (full 0):
 PSYoungGen      total 19968K, used 1827K [0x00000000d6a00000, 0x00000000d8000000, 0x0000000100000000)
  eden space 17408K, 0% used [0x00000000d6a00000,0x00000000d6a00000,0x00000000d7b00000)
  from space 2560K, 71% used [0x00000000d7d80000,0x00000000d7f48e38,0x00000000d8000000)
  to   space 2560K, 0% used [0x00000000d7b00000,0x00000000d7b00000,0x00000000d7d80000)
 ParOldGen       total 127488K, used 4745K [0x0000000083e00000, 0x000000008ba80000, 0x00000000d6a00000)
  object space 127488K, 3% used [0x0000000083e00000,0x00000000842a26d0,0x000000008ba80000)
 Metaspace       used 13653K, capacity 13756K, committed 13824K, reserved 1060864K
  class space    used 1720K, capacity 1750K, committed 1792K, reserved 1048576K
}
Event: 1,125 GC heap before
{Heap before GC invocations=15 (full 0):
 PSYoungGen      total 19968K, used 19235K [0x00000000d6a00000, 0x00000000d8000000, 0x0000000100000000)
  eden space 17408K, 100% used [0x00000000d6a00000,0x00000000d7b00000,0x00000000d7b00000)
  from space 2560K, 71% used [0x00000000d7d80000,0x00000000d7f48e38,0x00000000d8000000)
  to   space 2560K, 0% used [0x00000000d7b00000,0x00000000d7b00000,0x00000000d7d80000)
 ParOldGen       total 127488K, used 4745K [0x0000000083e00000, 0x000000008ba80000, 0x00000000d6a00000)
  object space 127488K, 3% used [0x0000000083e00000,0x00000000842a26d0,0x000000008ba80000)
 Metaspace       used 17357K, capacity 17480K, committed 17664K, reserved 1064960K
  class space    used 2180K, capacity 2204K, committed 2304K, reserved 1048576K
Event: 1,127 GC heap after
Heap after GC invocations=15 (full 0):
 PSYoungGen      total 19968K, used 2533K [0x00000000d6a00000, 0x00000000d8c80000, 0x0000000100000000)
  eden space 17408K, 0% used [0x00000000d6a00000,0x00000000d6a00000,0x00000000d7b00000)
  from space 2560K, 98% used [0x00000000d7b00000,0x00000000d7d795e8,0x00000000d7d80000)
  to   space 3584K, 0% used [0x00000000d8900000,0x00000000d8900000,0x00000000d8c80000)
 ParOldGen       total 127488K, used 5747K [0x0000000083e00000, 0x000000008ba80000, 0x00000000d6a00000)
  object space 127488K, 4% used [0x0000000083e00000,0x000000008439ce20,0x000000008ba80000)
 Metaspace       used 17357K, capacity 17480K, committed 17664K, reserved 1064960K
  class space    used 2180K, capacity 2204K, committed 2304K, reserved 1048576K
}

