# JRE version: Java(TM) SE Runtime Environment (8.0_05-b13) (build 1.8.0_05-b13)
# Java VM: Java HotSpot(TM) 64-Bit Server VM (25.5-b02 mixed mode linux-amd64 compressed oops)
Heap:
 PSYoungGen      total 31232K, used 4363K [0x00000000d6a00000, 0x00000000d8d80000, 0x0000000100000000)
  eden space 27648K, 3% used [0x00000000d6a00000,0x00000000d6b06678,0x00000000d8500000)
  from space 3584K, 92% used [0x00000000d8900000,0x00000000d8c3c6a8,0x00000000d8c80000)
  to   space 4096K, 0% used [0x00000000d8500000,0x00000000d8500000,0x00000000d8900000)
 ParOldGen       total 127488K, used 6480K [0x0000000083e00000, 0x000000008ba80000, 0x00000000d6a00000)
  object space 127488K, 5% used [0x0000000083e00000,0x0000000084454008,0x000000008ba80000)
 Metaspace       used 20729K, capacity 20926K, committed 21120K, reserved 1067008K
  class space    used 2568K, capacity 2597K, committed 2688K, reserved 1048576K
GC Heap History (10 events):
Event: 0,443 GC heap before
{Heap before GC invocations=12 (full 0):
 PSYoungGen      total 7680K, used 7663K [0x00000000d6a00000, 0x00000000d7780000, 0x0000000100000000)
  eden space 6656K, 100% used [0x00000000d6a00000,0x00000000d7080000,0x00000000d7080000)
  from space 1024K, 98% used [0x00000000d7080000,0x00000000d717bde8,0x00000000d7180000)
  to   space 1536K, 0% used [0x00000000d7600000,0x00000000d7600000,0x00000000d7780000)
 ParOldGen       total 127488K, used 1344K [0x0000000083e00000, 0x000000008ba80000, 0x00000000d6a00000)
  object space 127488K, 1% used [0x0000000083e00000,0x0000000083f500a8,0x000000008ba80000)
 Metaspace       used 8050K, capacity 8214K, committed 8448K, reserved 1056768K
  class space    used 978K, capacity 1013K, committed 1024K, reserved 1048576K
Event: 0,445 GC heap after
Heap after GC invocations=12 (full 0):
 PSYoungGen      total 12288K, used 1390K [0x00000000d6a00000, 0x00000000d7780000, 0x0000000100000000)
  eden space 10752K, 0% used [0x00000000d6a00000,0x00000000d6a00000,0x00000000d7480000)
  from space 1536K, 90% used [0x00000000d7600000,0x00000000d775bab0,0x00000000d7780000)
  to   space 1536K, 0% used [0x00000000d7480000,0x00000000d7480000,0x00000000d7600000)
 ParOldGen       total 127488K, used 1856K [0x0000000083e00000, 0x000000008ba80000, 0x00000000d6a00000)
  object space 127488K, 1% used [0x0000000083e00000,0x0000000083fd00c8,0x000000008ba80000)
 Metaspace       used 8050K, capacity 8214K, committed 8448K, reserved 1056768K
  class space    used 978K, capacity 1013K, committed 1024K, reserved 1048576K
}
Event: 0,730 GC heap before
{Heap before GC invocations=13 (full 0):
 PSYoungGen      total 12288K, used 12142K [0x00000000d6a00000, 0x00000000d7780000, 0x0000000100000000)
  eden space 10752K, 100% used [0x00000000d6a00000,0x00000000d7480000,0x00000000d7480000)
  from space 1536K, 90% used [0x00000000d7600000,0x00000000d775bab0,0x00000000d7780000)
  to   space 1536K, 0% used [0x00000000d7480000,0x00000000d7480000,0x00000000d7600000)
 ParOldGen       total 127488K, used 1856K [0x0000000083e00000, 0x000000008ba80000, 0x00000000d6a00000)
  object space 127488K, 1% used [0x0000000083e00000,0x0000000083fd00c8,0x000000008ba80000)
 Metaspace       used 11555K, capacity 11734K, committed 12032K, reserved 1060864K
  class space    used 1400K, capacity 1461K, committed 1536K, reserved 1048576K
Event: 0,735 GC heap after
Heap after GC invocations=13 (full 0):
 PSYoungGen      total 12288K, used 1504K [0x00000000d6a00000, 0x00000000d8000000, 0x0000000100000000)
  eden space 10752K, 0% used [0x00000000d6a00000,0x00000000d6a00000,0x00000000d7480000)
  from space 1536K, 97% used [0x00000000d7480000,0x00000000d75f8050,0x00000000d7600000)
  to   space 2560K, 0% used [0x00000000d7d80000,0x00000000d7d80000,0x00000000d8000000)
 ParOldGen       total 127488K, used 3453K [0x0000000083e00000, 0x000000008ba80000, 0x00000000d6a00000)
  object space 127488K, 2% used [0x0000000083e00000,0x000000008415f5b8,0x000000008ba80000)
 Metaspace       used 11555K, capacity 11734K, committed 12032K, reserved 1060864K
  class space    used 1400K, capacity 1461K, committed 1536K, reserved 1048576K
}
Event: 0,895 GC heap before
{Heap before GC invocations=14 (full 0):
 PSYoungGen      total 12288K, used 12256K [0x00000000d6a00000, 0x00000000d8000000, 0x0000000100000000)
  eden space 10752K, 100% used [0x00000000d6a00000,0x00000000d7480000,0x00000000d7480000)
  from space 1536K, 97% used [0x00000000d7480000,0x00000000d75f8050,0x00000000d7600000)
  to   space 2560K, 0% used [0x00000000d7d80000,0x00000000d7d80000,0x00000000d8000000)
 ParOldGen       total 127488K, used 3453K [0x0000000083e00000, 0x000000008ba80000, 0x00000000d6a00000)
  object space 127488K, 2% used [0x0000000083e00000,0x000000008415f5b8,0x000000008ba80000)
 Metaspace       used 13646K, capacity 13724K, committed 13824K, reserved 1060864K
  class space    used 1711K, capacity 1718K, committed 1792K, reserved 1048576K
Event: 0,900 GC heap after
Heap after GC invocations=14 (full 0):
 PSYoungGen      total 19968K, used 1814K [0x00000000d6a00000, 0x00000000d8000000, 0x0000000100000000)
  eden space 17408K, 0% used [0x00000000d6a00000,0x00000000d6a00000,0x00000000d7b00000)
  from space 2560K, 70% used [0x00000000d7d80000,0x00000000d7f45a00,0x00000000d8000000)
  to   space 2560K, 0% used [0x00000000d7b00000,0x00000000d7b00000,0x00000000d7d80000)
 ParOldGen       total 127488K, used 4701K [0x0000000083e00000, 0x000000008ba80000, 0x00000000d6a00000)
  object space 127488K, 3% used [0x0000000083e00000,0x0000000084297408,0x000000008ba80000)
 Metaspace       used 13646K, capacity 13724K, committed 13824K, reserved 1060864K
  class space    used 1711K, capacity 1718K, committed 1792K, reserved 1048576K
}
Event: 1,143 GC heap before
{Heap before GC invocations=15 (full 0):
 PSYoungGen      total 19968K, used 19222K [0x00000000d6a00000, 0x00000000d8000000, 0x0000000100000000)
  eden space 17408K, 100% used [0x00000000d6a00000,0x00000000d7b00000,0x00000000d7b00000)
  from space 2560K, 70% used [0x00000000d7d80000,0x00000000d7f45a00,0x00000000d8000000)
  to   space 2560K, 0% used [0x00000000d7b00000,0x00000000d7b00000,0x00000000d7d80000)
 ParOldGen       total 127488K, used 4701K [0x0000000083e00000, 0x000000008ba80000, 0x00000000d6a00000)
  object space 127488K, 3% used [0x0000000083e00000,0x0000000084297408,0x000000008ba80000)
 Metaspace       used 17357K, capacity 17544K, committed 17920K, reserved 1064960K
  class space    used 2178K, capacity 2204K, committed 2304K, reserved 1048576K
Event: 1,145 GC heap after
Heap after GC invocations=15 (full 0):
 PSYoungGen      total 19968K, used 2529K [0x00000000d6a00000, 0x00000000d8c80000, 0x0000000100000000)
  eden space 17408K, 0% used [0x00000000d6a00000,0x00000000d6a00000,0x00000000d7b00000)
  from space 2560K, 98% used [0x00000000d7b00000,0x00000000d7d78590,0x00000000d7d80000)
  to   space 3584K, 0% used [0x00000000d8900000,0x00000000d8900000,0x00000000d8c80000)
 ParOldGen       total 127488K, used 5777K [0x0000000083e00000, 0x000000008ba80000, 0x00000000d6a00000)
  object space 127488K, 4% used [0x0000000083e00000,0x00000000843a47c8,0x000000008ba80000)
 Metaspace       used 17357K, capacity 17544K, committed 17920K, reserved 1064960K
  class space    used 2178K, capacity 2204K, committed 2304K, reserved 1048576K
}
Event: 1,427 GC heap before
{Heap before GC invocations=16 (full 0):
 PSYoungGen      total 19968K, used 19931K [0x00000000d6a00000, 0x00000000d8c80000, 0x0000000100000000)
  eden space 17408K, 99% used [0x00000000d6a00000,0x00000000d7afe8d8,0x00000000d7b00000)
  from space 2560K, 98% used [0x00000000d7b00000,0x00000000d7d78590,0x00000000d7d80000)
  to   space 3584K, 0% used [0x00000000d8900000,0x00000000d8900000,0x00000000d8c80000)
 ParOldGen       total 127488K, used 5777K [0x0000000083e00000, 0x000000008ba80000, 0x00000000d6a00000)
  object space 127488K, 4% used [0x0000000083e00000,0x00000000843a47c8,0x000000008ba80000)
 Metaspace       used 20610K, capacity 20792K, committed 21120K, reserved 1067008K
  class space    used 2559K, capacity 2596K, committed 2688K, reserved 1048576K
Event: 1,432 GC heap after
Heap after GC invocations=16 (full 0):
 PSYoungGen      total 31232K, used 3313K [0x00000000d6a00000, 0x00000000d8d80000, 0x0000000100000000)
  eden space 27648K, 0% used [0x00000000d6a00000,0x00000000d6a00000,0x00000000d8500000)
  from space 3584K, 92% used [0x00000000d8900000,0x00000000d8c3c6a8,0x00000000d8c80000)
  to   space 4096K, 0% used [0x00000000d8500000,0x00000000d8500000,0x00000000d8900000)
 ParOldGen       total 127488K, used 6480K [0x0000000083e00000, 0x000000008ba80000, 0x00000000d6a00000)
  object space 127488K, 5% used [0x0000000083e00000,0x0000000084454008,0x000000008ba80000)
 Metaspace       used 20610K, capacity 20792K, committed 21120K, reserved 1067008K
  class space    used 2559K, capacity 2596K, committed 2688K, reserved 1048576K
}

